Copyright 1986-2018 Xilinx, Inc. All Rights Reserved.
----------------------------------------------------------------------------------------
| Tool Version : Vivado v.2018.3 (lin64) Build 2405991 Thu Dec  6 23:36:41 MST 2018
| Date         : Sat Aug  1 09:27:37 2020
| Host         : SecLab running 64-bit Ubuntu 16.04.6 LTS
| Command      : report_control_sets -verbose -file Camera_Demo_control_sets_placed.rpt
| Design       : Camera_Demo
| Device       : xc7s15
----------------------------------------------------------------------------------------

Control Set Information

Table of Contents
-----------------
1. Summary
2. Histogram
3. Flip-Flop Distribution
4. Detailed Control Set Information

1. Summary
----------

+----------------------------------------------------------+-------+
|                          Status                          | Count |
+----------------------------------------------------------+-------+
| Number of unique control sets                            |    46 |
| Unused register locations in slices containing registers |   142 |
+----------------------------------------------------------+-------+


2. Histogram
------------

+--------+--------------+
| Fanout | Control Sets |
+--------+--------------+
|      1 |            2 |
|      2 |            2 |
|      4 |            2 |
|      5 |            4 |
|      6 |            2 |
|      7 |            1 |
|      8 |            4 |
|     10 |            5 |
|     11 |            3 |
|     13 |            2 |
|    16+ |           19 |
+--------+--------------+


3. Flip-Flop Distribution
-------------------------

+--------------+-----------------------+------------------------+-----------------+--------------+
| Clock Enable | Synchronous Set/Reset | Asynchronous Set/Reset | Total Registers | Total Slices |
+--------------+-----------------------+------------------------+-----------------+--------------+
| No           | No                    | No                     |             448 |          128 |
| No           | No                    | Yes                    |             306 |           87 |
| No           | Yes                   | No                     |              73 |           27 |
| Yes          | No                    | No                     |             207 |           58 |
| Yes          | No                    | Yes                    |              83 |           24 |
| Yes          | Yes                   | No                     |             141 |           37 |
+--------------+-----------------------+------------------------+-----------------+--------------+


4. Detailed Control Set Information
-----------------------------------

+--------------------------------------------------------+------------------------------------------------------------------------------+----------------------------------------------------------------------------------------+------------------+----------------+
|                      Clock Signal                      |                                 Enable Signal                                |                                    Set/Reset Signal                                    | Slice Load Count | Bel Load Count |
+--------------------------------------------------------+------------------------------------------------------------------------------+----------------------------------------------------------------------------------------+------------------+----------------+
|  MIPI_Trans_Driver/Data_Read/U0/clock_system_inst/pclk |                                                                              |                                                                                        |                1 |              1 |
|  clk_10/inst/clk_out1                                  | MIPI_Camera_IIC/iic_sda_o_i_1_n_0                                            | RGB_LED_0/Driver_Breath_LED_0/clock_1/i_rst_0                                          |                1 |              1 |
|  MIPI_Trans_Driver/camera_clock/inst/clk_out1          |                                                                              | Mini_HDMI_Driver/U0/ClockGenInternal.ClockGenX/LockLostReset/aRst_int_0                |                1 |              2 |
|  MIPI_Trans_Driver/camera_clock/inst/clk_out1          |                                                                              | Mini_HDMI_Driver/U0/ClockGenInternal.ClockGenX/in0                                     |                1 |              2 |
|  MIPI_Trans_Driver/camera_clock/inst/clk_out1          |                                                                              | Mini_HDMI_Driver/U0/ClockGenInternal.ClockGenX/LockLostReset/SyncAsyncx/oSyncStages[1] |                1 |              4 |
|  MIPI_Trans_Driver/camera_clock/inst/clk_out1          | MIPI_Trans_Driver/Driver_Csi_To_Dvp0/vid_active_video_o0                     | MIPI_Trans_Driver/Driver_Csi_To_Dvp0/unpack_cnt                                        |                1 |              4 |
|  clk_10/inst/clk_out2                                  | MIPI_Trans_Driver/Data_Read/U0/clock_system_inst/curr_delay                  |                                                                                        |                2 |              5 |
|  clk_10/inst/clk_out2                                  | MIPI_Trans_Driver/Data_Read/U0/clock_system_inst/end_dly_0                   |                                                                                        |                1 |              5 |
|  clk_10/inst/clk_out2                                  | MIPI_Trans_Driver/Data_Read/U0/clock_system_inst/sum_dly                     |                                                                                        |                2 |              5 |
|  clk_10/inst/clk_out2                                  | MIPI_Trans_Driver/Data_Read/U0/clock_system_inst/start_dly_1                 |                                                                                        |                2 |              5 |
|  clock_rgb/clk                                         | RGB_LED_0/Driver_SK6805_0/data_cnt                                           | RGB_LED_0/Driver_Breath_LED_0/clock_1/i_rst                                            |                1 |              6 |
|  clk_10/inst/clk_out1                                  | Key_Test_Color_0/period_100ms_o                                              | RGB_LED_0/Driver_Breath_LED_0/clock_1/i_rst_0                                          |                1 |              6 |
|  clk_10/inst/clk_out1                                  | MIPI_Camera_Driver/initial_cnt[6]_i_1_n_0                                    | MIPI_Camera_Driver/OV5647/i_rst                                                        |                2 |              7 |
|  MIPI_Trans_Driver/Data_Read/U0/clock_system_inst/CLK  | MIPI_Trans_Driver/Data_To_Csi/U0/lane_align_inst/data_shift[1]_0             |                                                                                        |                5 |              8 |
|  MIPI_Trans_Driver/Data_Read/U0/clock_system_inst/CLK  | MIPI_Trans_Driver/Data_To_Csi/U0/lane_align_inst/to_cnt[1]_1                 | MIPI_Trans_Driver/Data_To_Csi/U0/lane_align_inst/p_5_out[1]                            |                3 |              8 |
|  MIPI_Trans_Driver/Data_Read/U0/clock_system_inst/CLK  | MIPI_Trans_Driver/Data_To_Csi/U0/lane_align_inst/to_cnt[0]_2                 | MIPI_Trans_Driver/Data_To_Csi/U0/lane_align_inst/p_5_out[0]                            |                2 |              8 |
|  MIPI_Trans_Driver/Data_Read/U0/clock_system_inst/CLK  | MIPI_Trans_Driver/Data_To_Csi/U0/parser_inst/packet_size[15]                 |                                                                                        |                3 |              8 |
|  clk_10/inst/clk_out1                                  | RGB_LED_0/Driver_Breath_LED_0/us_cnt                                         | RGB_LED_0/Driver_Breath_LED_0/clock_1/i_rst                                            |                2 |             10 |
|  clock_rgb/clk                                         | RGB_LED_0/Driver_SK6805_0/send_cnt                                           | RGB_LED_0/Driver_Breath_LED_0/clock_1/i_rst                                            |                6 |             10 |
|  MIPI_Trans_Driver/Data_Read/U0/clock_system_inst/CLK  | MIPI_Trans_Driver/Driver_Csi_To_Dvp0/axis_tvalid_i_reg_n_0_[0]               | MIPI_Trans_Driver/Driver_Csi_To_Dvp0/flg_down_valid                                    |                2 |             10 |
|  MIPI_Trans_Driver/camera_clock/inst/clk_out1          | MIPI_Trans_Driver/Driver_Csi_To_Dvp0/vdata                                   | MIPI_Trans_Driver/Driver_Csi_To_Dvp0/vdata[9]_i_1_n_0                                  |                3 |             10 |
|  MIPI_Trans_Driver/camera_clock/inst/clk_out1          |                                                                              | Mini_HDMI_Driver/U0/DataEncoders[0].DataEncoder/pDataOutRaw[9]_i_1__1_n_0              |                4 |             10 |
|  MIPI_Trans_Driver/camera_clock/inst/clk_out1          |                                                                              | MIPI_Trans_Driver/Driver_Csi_To_Dvp0/flg_rise_frame                                    |                3 |             11 |
|  MIPI_Trans_Driver/camera_clock/inst/clk_out1          | MIPI_Trans_Driver/Driver_Bayer_To_RGB0/sel                                   | MIPI_Trans_Driver/Driver_Bayer_To_RGB0/addr_bram[10]_i_1_n_0                           |                2 |             11 |
|  MIPI_Trans_Driver/camera_clock/inst/clk_out1          | MIPI_Trans_Driver/Driver_Csi_To_Dvp0/vid_active_video_o0                     | MIPI_Trans_Driver/Driver_Csi_To_Dvp0/addrb_0                                           |                3 |             11 |
|  clk_10/inst/clk_out2                                  | MIPI_Trans_Driver/Data_Read/U0/clock_system_inst/wait_cnt                    | MIPI_Trans_Driver/Data_Read/U0/clock_system_inst/dly_gen.wait_cnt[12]_i_1_n_0          |                4 |             13 |
|  clk_10/inst/clk_out2                                  |                                                                              |                                                                                        |                5 |             13 |
|  MIPI_Trans_Driver/Data_Read/U0/clock_system_inst/CLK  | MIPI_Trans_Driver/Data_To_Csi/U0/parser_inst/transfer_cnt[15]_i_2_n_0        | MIPI_Trans_Driver/Data_To_Csi/U0/parser_inst/transfer_cnt[15]_i_1_n_0                  |                4 |             16 |
|  MIPI_Trans_Driver/Data_Read/U0/clock_system_inst/CLK  | MIPI_Trans_Driver/Data_To_Csi/U0/parser_inst/packet_size[7]                  |                                                                                        |                5 |             16 |
| ~MIPI_Trans_Driver/Data_Read/U0/clock_system_inst/CLK  |                                                                              |                                                                                        |                4 |             17 |
|  clk_10/inst/clk_out2                                  | MIPI_Trans_Driver/Data_Read/U0/clock_system_inst/dly_gen.acc_val[0]_i_1_n_0  | MIPI_Trans_Driver/Data_Read/U0/clock_system_inst/dly_gen.acc_cnt[19]_i_1_n_0           |                5 |             20 |
|  clk_10/inst/clk_out1                                  | RGB_LED_0/Driver_Breath_LED_0/ms_cnt[9]_i_1_n_0                              | RGB_LED_0/Driver_Breath_LED_0/clock_1/i_rst                                            |                7 |             20 |
|  clk_10/inst/clk_out2                                  | MIPI_Trans_Driver/Data_Read/U0/clock_system_inst/dly_gen.acc_cnt[19]_i_1_n_0 |                                                                                        |                5 |             20 |
|  clk_10/inst/clk_out2                                  |                                                                              | MIPI_Trans_Driver/Data_Read/U0/clock_system_inst/dly_gen.acc_cnt[19]_i_1_n_0           |                6 |             20 |
|  clk_10/inst/clk_out1                                  | MIPI_Camera_Driver/flg_data_ok                                               | MIPI_Camera_Driver/OV5647/i_rst                                                        |                4 |             23 |
|  MIPI_Trans_Driver/camera_clock/inst/clk_out1          | MIPI_Trans_Driver/Driver_Bayer_To_RGB0/rgb_data_g[9]_i_1_n_0                 |                                                                                        |                8 |             24 |
|  clock_rgb/clk                                         |                                                                              | RGB_LED_0/Driver_Breath_LED_0/clock_1/i_rst                                            |                9 |             28 |
|  clk_10/inst/clk_out1                                  | i_rst_IBUF                                                                   | RGB_LED_0/clock_rgb/cnt[30]_i_1_n_0                                                    |                8 |             30 |
|  MIPI_Trans_Driver/camera_clock/inst/clk_out1          |                                                                              | Mini_HDMI_Driver/U0/DataEncoders[0].DataEncoder/SR[0]                                  |               14 |             32 |
|  MIPI_Trans_Driver/Data_Read/U0/clock_system_inst/CLK  | MIPI_Trans_Driver/Data_Read/U0/dl0_rxvalidhs                                 |                                                                                        |               14 |             48 |
|  clk_10/inst/clk_out1                                  | i_rst_IBUF                                                                   |                                                                                        |               11 |             63 |
|  clk_10/inst/clk_out1                                  |                                                                              | RGB_LED_0/Driver_Breath_LED_0/clock_1/i_rst_0                                          |               18 |             72 |
|  clk_10/inst/clk_out1                                  |                                                                              | RGB_LED_0/Driver_Breath_LED_0/clock_1/i_rst                                            |               20 |             80 |
|  clk_10/inst/clk_out1                                  |                                                                              | MIPI_Camera_Driver/OV5647/i_rst                                                        |               37 |            118 |
|  MIPI_Trans_Driver/Data_Read/U0/clock_system_inst/CLK  |                                                                              |                                                                                        |               41 |            140 |
|  MIPI_Trans_Driver/camera_clock/inst/clk_out1          |                                                                              |                                                                                        |               77 |            289 |
+--------------------------------------------------------+------------------------------------------------------------------------------+----------------------------------------------------------------------------------------+------------------+----------------+


