
*** Running vivado
    with args -log Camera_Demo.vdi -applog -m64 -product Vivado -messageDb vivado.pb -mode batch -source Camera_Demo.tcl -notrace


****** Vivado v2018.3 (64-bit)
  **** SW Build 2405991 on Thu Dec  6 23:36:41 MST 2018
  **** IP Build 2404404 on Fri Dec  7 01:43:56 MST 2018
    ** Copyright 1986-2018 Xilinx, Inc. All Rights Reserved.

source Camera_Demo.tcl -notrace
INFO: [IP_Flow 19-234] Refreshing IP repositories
INFO: [IP_Flow 19-1700] Loaded user IP repository '/media/qingyun/Desktop/SEA_Lab/Camera_Demo/IP_Core'.
INFO: [IP_Flow 19-2313] Loaded Vivado IP repository '/opt/Xilinx/Vivado/2018.3/data/ip'.
Command: link_design -top Camera_Demo -part xc7s15ftgb196-1
Design is defaulting to srcset: sources_1
Design is defaulting to constrset: constrs_1
INFO: [Project 1-454] Reading design checkpoint '/media/qingyun/Desktop/SEA_Lab/Camera_Demo/Camera_Demo.srcs/sources_1/ip/rgb2dvi_0/rgb2dvi_0.dcp' for cell 'Mini_HDMI_Driver'
INFO: [Project 1-454] Reading design checkpoint '/media/qingyun/Desktop/SEA_Lab/Camera_Demo/Camera_Demo.srcs/sources_1/ip/clk_wiz_0/clk_wiz_0.dcp' for cell 'clk_10'
INFO: [Project 1-454] Reading design checkpoint '/media/qingyun/Desktop/SEA_Lab/Camera_Demo/Camera_Demo.srcs/sources_1/ip/csi2_d_phy_rx_0/csi2_d_phy_rx_0.dcp' for cell 'MIPI_Trans_Driver/Data_Read'
INFO: [Project 1-454] Reading design checkpoint '/media/qingyun/Desktop/SEA_Lab/Camera_Demo/Camera_Demo.srcs/sources_1/ip/csi_to_axis_0/csi_to_axis_0.dcp' for cell 'MIPI_Trans_Driver/Data_To_Csi'
INFO: [Project 1-454] Reading design checkpoint '/media/qingyun/Desktop/SEA_Lab/Camera_Demo/Camera_Demo.srcs/sources_1/ip/clk_wiz_1/clk_wiz_1.dcp' for cell 'MIPI_Trans_Driver/camera_clock'
INFO: [Project 1-454] Reading design checkpoint '/media/qingyun/Desktop/SEA_Lab/Camera_Demo/Camera_Demo.srcs/sources_1/ip/RAM_Line/RAM_Line.dcp' for cell 'MIPI_Trans_Driver/Driver_Bayer_To_RGB0/RAM_Line_Buff0'
INFO: [Project 1-454] Reading design checkpoint '/media/qingyun/Desktop/SEA_Lab/Camera_Demo/Camera_Demo.srcs/sources_1/ip/AXIS_Data_RAM/AXIS_Data_RAM.dcp' for cell 'MIPI_Trans_Driver/Driver_Csi_To_Dvp0/RAM_AXIS'
INFO: [Netlist 29-17] Analyzing 156 Unisim elements for replacement
INFO: [Netlist 29-28] Unisim Transformation completed in 0 CPU seconds
INFO: [Project 1-479] Netlist was created with Vivado 2018.3
INFO: [Device 21-403] Loading part xc7s15ftgb196-1
INFO: [Project 1-570] Preparing netlist for logic optimization
WARNING: [Opt 31-32] Removing redundant IBUF since it is not being driven by a top-level port. MIPI_Trans_Driver/camera_clock/inst/clkin1_ibufg 
Resolution: The tool has removed redundant IBUF. To resolve this warning, check for redundant IBUF in the input design.
WARNING: [Constraints 18-550] Could not create 'IBUF_LOW_PWR' constraint because net 'MIPI_Trans_Driver/camera_clock/clk_in1' is not directly connected to top level port. Synthesis is ignored for IBUF_LOW_PWR but preserved for implementation.
Parsing XDC File [/media/qingyun/Desktop/SEA_Lab/Camera_Demo/Camera_Demo.srcs/sources_1/ip/csi_to_axis_0/hdl/csi_to_axis.xdc] for cell 'MIPI_Trans_Driver/Data_To_Csi/U0'
Finished Parsing XDC File [/media/qingyun/Desktop/SEA_Lab/Camera_Demo/Camera_Demo.srcs/sources_1/ip/csi_to_axis_0/hdl/csi_to_axis.xdc] for cell 'MIPI_Trans_Driver/Data_To_Csi/U0'
Parsing XDC File [/media/qingyun/Desktop/SEA_Lab/Camera_Demo/Camera_Demo.srcs/sources_1/ip/csi2_d_phy_rx_0/hdl/csi2_d_phy_rx.xdc] for cell 'MIPI_Trans_Driver/Data_Read/U0'
Finished Parsing XDC File [/media/qingyun/Desktop/SEA_Lab/Camera_Demo/Camera_Demo.srcs/sources_1/ip/csi2_d_phy_rx_0/hdl/csi2_d_phy_rx.xdc] for cell 'MIPI_Trans_Driver/Data_Read/U0'
Parsing XDC File [/media/qingyun/Desktop/SEA_Lab/Camera_Demo/Camera_Demo.srcs/sources_1/ip/rgb2dvi_0/src/rgb2dvi.xdc] for cell 'Mini_HDMI_Driver/U0'
Finished Parsing XDC File [/media/qingyun/Desktop/SEA_Lab/Camera_Demo/Camera_Demo.srcs/sources_1/ip/rgb2dvi_0/src/rgb2dvi.xdc] for cell 'Mini_HDMI_Driver/U0'
Parsing XDC File [/media/qingyun/Desktop/SEA_Lab/Camera_Demo/Camera_Demo.srcs/sources_1/ip/clk_wiz_0/clk_wiz_0_board.xdc] for cell 'clk_10/inst'
Finished Parsing XDC File [/media/qingyun/Desktop/SEA_Lab/Camera_Demo/Camera_Demo.srcs/sources_1/ip/clk_wiz_0/clk_wiz_0_board.xdc] for cell 'clk_10/inst'
Parsing XDC File [/media/qingyun/Desktop/SEA_Lab/Camera_Demo/Camera_Demo.srcs/sources_1/ip/clk_wiz_0/clk_wiz_0.xdc] for cell 'clk_10/inst'
INFO: [Timing 38-35] Done setting XDC timing constraints. [/media/qingyun/Desktop/SEA_Lab/Camera_Demo/Camera_Demo.srcs/sources_1/ip/clk_wiz_0/clk_wiz_0.xdc:57]
INFO: [Timing 38-2] Deriving generated clocks [/media/qingyun/Desktop/SEA_Lab/Camera_Demo/Camera_Demo.srcs/sources_1/ip/clk_wiz_0/clk_wiz_0.xdc:57]
Finished Parsing XDC File [/media/qingyun/Desktop/SEA_Lab/Camera_Demo/Camera_Demo.srcs/sources_1/ip/clk_wiz_0/clk_wiz_0.xdc] for cell 'clk_10/inst'
Parsing XDC File [/media/qingyun/Desktop/SEA_Lab/Camera_Demo/Camera_Demo.srcs/sources_1/ip/clk_wiz_1/clk_wiz_1_board.xdc] for cell 'MIPI_Trans_Driver/camera_clock/inst'
Finished Parsing XDC File [/media/qingyun/Desktop/SEA_Lab/Camera_Demo/Camera_Demo.srcs/sources_1/ip/clk_wiz_1/clk_wiz_1_board.xdc] for cell 'MIPI_Trans_Driver/camera_clock/inst'
Parsing XDC File [/media/qingyun/Desktop/SEA_Lab/Camera_Demo/Camera_Demo.srcs/sources_1/ip/clk_wiz_1/clk_wiz_1.xdc] for cell 'MIPI_Trans_Driver/camera_clock/inst'
INFO: [Timing 38-2] Deriving generated clocks [/media/qingyun/Desktop/SEA_Lab/Camera_Demo/Camera_Demo.srcs/sources_1/ip/clk_wiz_1/clk_wiz_1.xdc:57]
Finished Parsing XDC File [/media/qingyun/Desktop/SEA_Lab/Camera_Demo/Camera_Demo.srcs/sources_1/ip/clk_wiz_1/clk_wiz_1.xdc] for cell 'MIPI_Trans_Driver/camera_clock/inst'
Parsing XDC File [/media/qingyun/Desktop/SEA_Lab/Camera_Demo/Camera_Demo.srcs/constrs_1/new/system.xdc]
Finished Parsing XDC File [/media/qingyun/Desktop/SEA_Lab/Camera_Demo/Camera_Demo.srcs/constrs_1/new/system.xdc]
Parsing XDC File [/media/qingyun/Desktop/SEA_Lab/Camera_Demo/Camera_Demo.srcs/sources_1/ip/rgb2dvi_0/src/rgb2dvi_clocks.xdc] for cell 'Mini_HDMI_Driver/U0'
Finished Parsing XDC File [/media/qingyun/Desktop/SEA_Lab/Camera_Demo/Camera_Demo.srcs/sources_1/ip/rgb2dvi_0/src/rgb2dvi_clocks.xdc] for cell 'Mini_HDMI_Driver/U0'
INFO: [Opt 31-138] Pushed 0 inverter(s) to 0 load pin(s).
Netlist sorting complete. Time (s): cpu = 00:00:00 ; elapsed = 00:00:00 . Memory (MB): peak = 2123.328 ; gain = 0.000 ; free physical = 1080 ; free virtual = 4428
INFO: [Project 1-111] Unisim Transformation Summary:
  A total of 1 instances were transformed.
  IOBUF => IOBUF (IBUF, OBUFT): 1 instances

20 Infos, 2 Warnings, 0 Critical Warnings and 0 Errors encountered.
link_design completed successfully
link_design: Time (s): cpu = 00:00:06 ; elapsed = 00:00:06 . Memory (MB): peak = 2123.328 ; gain = 740.480 ; free physical = 1080 ; free virtual = 4428
Command: opt_design
Attempting to get a license for feature 'Implementation' and/or device 'xc7s15'
INFO: [Common 17-349] Got license for feature 'Implementation' and/or device 'xc7s15'
Running DRC as a precondition to command opt_design

Starting DRC Task
INFO: [DRC 23-27] Running DRC with 8 threads
INFO: [Project 1-461] DRC finished with 0 Errors
INFO: [Project 1-462] Please refer to the DRC report (report_drc) for more information.

Time (s): cpu = 00:00:01 ; elapsed = 00:00:00.75 . Memory (MB): peak = 2187.359 ; gain = 64.031 ; free physical = 1072 ; free virtual = 4420

Starting Cache Timing Information Task
INFO: [Timing 38-35] Done setting XDC timing constraints.
INFO: [Timing 38-2] Deriving generated clocks
Ending Cache Timing Information Task | Checksum: 19dc72552

Time (s): cpu = 00:00:00.15 ; elapsed = 00:00:00.05 . Memory (MB): peak = 2187.359 ; gain = 0.000 ; free physical = 1070 ; free virtual = 4418

Starting Logic Optimization Task

Phase 1 Retarget
INFO: [Opt 31-138] Pushed 0 inverter(s) to 0 load pin(s).
INFO: [Opt 31-49] Retargeted 0 cell(s).
Phase 1 Retarget | Checksum: 14a9ba4d8

Time (s): cpu = 00:00:00.18 ; elapsed = 00:00:00.06 . Memory (MB): peak = 2237.344 ; gain = 0.000 ; free physical = 1006 ; free virtual = 4354
INFO: [Opt 31-389] Phase Retarget created 0 cells and removed 4 cells
INFO: [Opt 31-1021] In phase Retarget, 2 netlist objects are constrained preventing optimization. Please run opt_design with -debug_log to get more detail. 

Phase 2 Constant propagation
INFO: [Opt 31-138] Pushed 0 inverter(s) to 0 load pin(s).
Phase 2 Constant propagation | Checksum: 1390aa7ae

Time (s): cpu = 00:00:00.20 ; elapsed = 00:00:00.08 . Memory (MB): peak = 2237.344 ; gain = 0.000 ; free physical = 1006 ; free virtual = 4354
INFO: [Opt 31-389] Phase Constant propagation created 0 cells and removed 0 cells

Phase 3 Sweep
Phase 3 Sweep | Checksum: 163e64ad7

Time (s): cpu = 00:00:00.23 ; elapsed = 00:00:00.11 . Memory (MB): peak = 2237.344 ; gain = 0.000 ; free physical = 1006 ; free virtual = 4354
INFO: [Opt 31-389] Phase Sweep created 0 cells and removed 4 cells

Phase 4 BUFG optimization
INFO: [Opt 31-194] Inserted BUFG Mini_HDMI_Driver/U0/ClockGenInternal.ClockGenX/PixelClk_BUFG_inst to drive 8 load(s) on clock net Mini_HDMI_Driver/U0/PixelClkIO
INFO: [Opt 31-194] Inserted BUFG Mini_HDMI_Driver/U0/ClockGenInternal.ClockGenX/SerialClk_BUFG_inst to drive 8 load(s) on clock net Mini_HDMI_Driver/U0/SerialClkIO
INFO: [Opt 31-194] Inserted BUFG clk_10/inst/clk_out1_clk_wiz_0_BUFG_inst to drive 0 load(s) on clock net clk_10/inst/clk_out1_clk_wiz_0_BUFG
INFO: [Opt 31-194] Inserted BUFG clk_10/inst/clk_out2_clk_wiz_0_BUFG_inst to drive 0 load(s) on clock net clk_10/inst/clk_out2_clk_wiz_0_BUFG
INFO: [Opt 31-193] Inserted 4 BUFG(s) on clock nets
Phase 4 BUFG optimization | Checksum: 14f08b96b

Time (s): cpu = 00:00:00.25 ; elapsed = 00:00:00.13 . Memory (MB): peak = 2237.344 ; gain = 0.000 ; free physical = 1006 ; free virtual = 4354
INFO: [Opt 31-662] Phase BUFG optimization created 2 cells of which 2 are BUFGs and removed 0 cells.

Phase 5 Shift Register Optimization
Phase 5 Shift Register Optimization | Checksum: 27c37c0e3

Time (s): cpu = 00:00:00.40 ; elapsed = 00:00:00.21 . Memory (MB): peak = 2237.344 ; gain = 0.000 ; free physical = 1006 ; free virtual = 4354
INFO: [Opt 31-389] Phase Shift Register Optimization created 0 cells and removed 0 cells

Phase 6 Post Processing Netlist
Phase 6 Post Processing Netlist | Checksum: 2a379ac5e

Time (s): cpu = 00:00:00.41 ; elapsed = 00:00:00.21 . Memory (MB): peak = 2237.344 ; gain = 0.000 ; free physical = 1006 ; free virtual = 4354
INFO: [Opt 31-389] Phase Post Processing Netlist created 0 cells and removed 0 cells
Opt_design Change Summary
=========================


-------------------------------------------------------------------------------------------------------------------------
|  Phase                        |  #Cells created  |  #Cells Removed  |  #Constrained objects preventing optimizations  |
-------------------------------------------------------------------------------------------------------------------------
|  Retarget                     |               0  |               4  |                                              2  |
|  Constant propagation         |               0  |               0  |                                              0  |
|  Sweep                        |               0  |               4  |                                              0  |
|  BUFG optimization            |               2  |               0  |                                              0  |
|  Shift Register Optimization  |               0  |               0  |                                              0  |
|  Post Processing Netlist      |               0  |               0  |                                              0  |
-------------------------------------------------------------------------------------------------------------------------



Starting Connectivity Check Task

Time (s): cpu = 00:00:00 ; elapsed = 00:00:00 . Memory (MB): peak = 2237.344 ; gain = 0.000 ; free physical = 1006 ; free virtual = 4354
Ending Logic Optimization Task | Checksum: 286dd1fd4

Time (s): cpu = 00:00:00.41 ; elapsed = 00:00:00.22 . Memory (MB): peak = 2237.344 ; gain = 0.000 ; free physical = 1006 ; free virtual = 4354

Starting Power Optimization Task
INFO: [Pwropt 34-132] Skipping clock gating for clocks with a period < 2.00 ns.
INFO: [Timing 38-35] Done setting XDC timing constraints.
INFO: [Pwropt 34-9] Applying IDT optimizations ...
INFO: [Pwropt 34-10] Applying ODC optimizations ...
INFO: [Physopt 32-619] Estimated Timing Summary | WNS=0.741 | TNS=0.000 |
Running Vector-less Activity Propagation...

Finished Running Vector-less Activity Propagation


Starting PowerOpt Patch Enables Task
INFO: [Pwropt 34-162] WRITE_MODE attribute of 4 BRAM(s) out of a total of 4 has been updated to save power. Run report_power_opt to get a complete listing of the BRAMs updated.
INFO: [Pwropt 34-201] Structural ODC has moved 0 WE to EN ports
Number of BRAM Ports augmented: 4 newly gated: 6 Total Ports: 8
Ending PowerOpt Patch Enables Task | Checksum: 180973491

Time (s): cpu = 00:00:00.03 ; elapsed = 00:00:00.02 . Memory (MB): peak = 2576.746 ; gain = 0.000 ; free physical = 989 ; free virtual = 4338
Ending Power Optimization Task | Checksum: 180973491

Time (s): cpu = 00:00:00.97 ; elapsed = 00:00:00.51 . Memory (MB): peak = 2576.746 ; gain = 339.402 ; free physical = 995 ; free virtual = 4343

Starting Final Cleanup Task

Starting Logic Optimization Task
INFO: [Timing 38-35] Done setting XDC timing constraints.
Ending Logic Optimization Task | Checksum: 15ca77f2b

Time (s): cpu = 00:00:00.18 ; elapsed = 00:00:00.09 . Memory (MB): peak = 2576.746 ; gain = 0.000 ; free physical = 995 ; free virtual = 4343
Ending Final Cleanup Task | Checksum: 15ca77f2b

Time (s): cpu = 00:00:00.69 ; elapsed = 00:00:00.63 . Memory (MB): peak = 2576.746 ; gain = 0.000 ; free physical = 995 ; free virtual = 4343

Starting Netlist Obfuscation Task
Netlist sorting complete. Time (s): cpu = 00:00:00 ; elapsed = 00:00:00 . Memory (MB): peak = 2576.746 ; gain = 0.000 ; free physical = 995 ; free virtual = 4343
Ending Netlist Obfuscation Task | Checksum: 15ca77f2b

Time (s): cpu = 00:00:00.01 ; elapsed = 00:00:00 . Memory (MB): peak = 2576.746 ; gain = 0.000 ; free physical = 995 ; free virtual = 4343
INFO: [Common 17-83] Releasing license: Implementation
50 Infos, 2 Warnings, 0 Critical Warnings and 0 Errors encountered.
opt_design completed successfully
Netlist sorting complete. Time (s): cpu = 00:00:00 ; elapsed = 00:00:00 . Memory (MB): peak = 2576.746 ; gain = 0.000 ; free physical = 995 ; free virtual = 4343
INFO: [Timing 38-480] Writing timing data to binary archive.
Writing placer database...
Writing XDEF routing.
Writing XDEF routing logical nets.
Writing XDEF routing special nets.
Write XDEF Complete: Time (s): cpu = 00:00:00.01 ; elapsed = 00:00:00 . Memory (MB): peak = 2576.746 ; gain = 0.000 ; free physical = 992 ; free virtual = 4341
Netlist sorting complete. Time (s): cpu = 00:00:00 ; elapsed = 00:00:00 . Memory (MB): peak = 2576.746 ; gain = 0.000 ; free physical = 992 ; free virtual = 4341
INFO: [Common 17-1381] The checkpoint '/media/qingyun/Desktop/SEA_Lab/Camera_Demo/Camera_Demo.runs/impl_1/Camera_Demo_opt.dcp' has been generated.
INFO: [runtcl-4] Executing : report_drc -file Camera_Demo_drc_opted.rpt -pb Camera_Demo_drc_opted.pb -rpx Camera_Demo_drc_opted.rpx
Command: report_drc -file Camera_Demo_drc_opted.rpt -pb Camera_Demo_drc_opted.pb -rpx Camera_Demo_drc_opted.rpx
INFO: [IP_Flow 19-1839] IP Catalog is up to date.
INFO: [DRC 23-27] Running DRC with 8 threads
INFO: [Coretcl 2-168] The results of DRC are in file /media/qingyun/Desktop/SEA_Lab/Camera_Demo/Camera_Demo.runs/impl_1/Camera_Demo_drc_opted.rpt.
report_drc completed successfully
Command: place_design
Attempting to get a license for feature 'Implementation' and/or device 'xc7s15'
INFO: [Common 17-349] Got license for feature 'Implementation' and/or device 'xc7s15'
INFO: [DRC 23-27] Running DRC with 8 threads
INFO: [Vivado_Tcl 4-198] DRC finished with 0 Errors
INFO: [Vivado_Tcl 4-199] Please refer to the DRC report (report_drc) for more information.
Running DRC as a precondition to command place_design
INFO: [DRC 23-27] Running DRC with 8 threads
INFO: [Vivado_Tcl 4-198] DRC finished with 0 Errors
INFO: [Vivado_Tcl 4-199] Please refer to the DRC report (report_drc) for more information.

Starting Placer Task
INFO: [Place 30-611] Multithreading enabled for place_design using a maximum of 8 CPUs

Phase 1 Placer Initialization

Phase 1.1 Placer Initialization Netlist Sorting
Netlist sorting complete. Time (s): cpu = 00:00:00 ; elapsed = 00:00:00 . Memory (MB): peak = 2576.746 ; gain = 0.000 ; free physical = 982 ; free virtual = 4331
Phase 1.1 Placer Initialization Netlist Sorting | Checksum: 13eaad317

Time (s): cpu = 00:00:00.01 ; elapsed = 00:00:00.03 . Memory (MB): peak = 2576.746 ; gain = 0.000 ; free physical = 982 ; free virtual = 4331
Netlist sorting complete. Time (s): cpu = 00:00:00 ; elapsed = 00:00:00 . Memory (MB): peak = 2576.746 ; gain = 0.000 ; free physical = 982 ; free virtual = 4331

Phase 1.2 IO Placement/ Clock Placement/ Build Placer Device
INFO: [Timing 38-35] Done setting XDC timing constraints.
Phase 1.2 IO Placement/ Clock Placement/ Build Placer Device | Checksum: b04cdb1a

Time (s): cpu = 00:00:00.60 ; elapsed = 00:00:00.26 . Memory (MB): peak = 2576.746 ; gain = 0.000 ; free physical = 982 ; free virtual = 4331

Phase 1.3 Build Placer Netlist Model
Phase 1.3 Build Placer Netlist Model | Checksum: 184583c09

Time (s): cpu = 00:00:01 ; elapsed = 00:00:00.47 . Memory (MB): peak = 2576.746 ; gain = 0.000 ; free physical = 979 ; free virtual = 4328

Phase 1.4 Constrain Clocks/Macros
Phase 1.4 Constrain Clocks/Macros | Checksum: 184583c09

Time (s): cpu = 00:00:01 ; elapsed = 00:00:00.47 . Memory (MB): peak = 2576.746 ; gain = 0.000 ; free physical = 979 ; free virtual = 4328
Phase 1 Placer Initialization | Checksum: 184583c09

Time (s): cpu = 00:00:01 ; elapsed = 00:00:00.48 . Memory (MB): peak = 2576.746 ; gain = 0.000 ; free physical = 979 ; free virtual = 4328

Phase 2 Global Placement

Phase 2.1 Floorplanning
Phase 2.1 Floorplanning | Checksum: 1507c04fd

Time (s): cpu = 00:00:02 ; elapsed = 00:00:00.55 . Memory (MB): peak = 2576.746 ; gain = 0.000 ; free physical = 976 ; free virtual = 4325

Phase 2.2 Physical Synthesis In Placer
INFO: [Physopt 32-65] No nets found for high-fanout optimization.
INFO: [Physopt 32-232] Optimized 0 net. Created 0 new instance.
INFO: [Physopt 32-775] End 1 Pass. Optimized 0 net or cell. Created 0 new cell, deleted 0 existing cell and moved 0 existing cell
INFO: [Physopt 32-670] No setup violation found.  DSP Register Optimization was not performed.
INFO: [Physopt 32-670] No setup violation found.  Shift Register Optimization was not performed.
INFO: [Physopt 32-670] No setup violation found.  BRAM Register Optimization was not performed.
INFO: [Physopt 32-949] No candidate nets found for HD net replication
INFO: [Physopt 32-775] End 1 Pass. Optimized 0 net or cell. Created 0 new cell, deleted 0 existing cell and moved 0 existing cell
Netlist sorting complete. Time (s): cpu = 00:00:00 ; elapsed = 00:00:00 . Memory (MB): peak = 2576.746 ; gain = 0.000 ; free physical = 970 ; free virtual = 4319

Summary of Physical Synthesis Optimizations
============================================


----------------------------------------------------------------------------------------------------------------------------------------
|  Optimization                  |  Added Cells  |  Removed Cells  |  Optimized Cells/Nets  |  Dont Touch  |  Iterations  |  Elapsed   |
----------------------------------------------------------------------------------------------------------------------------------------
|  Very High Fanout              |            0  |              0  |                     0  |           0  |           1  |  00:00:00  |
|  DSP Register                  |            0  |              0  |                     0  |           0  |           0  |  00:00:00  |
|  Shift Register                |            0  |              0  |                     0  |           0  |           0  |  00:00:00  |
|  BRAM Register                 |            0  |              0  |                     0  |           0  |           0  |  00:00:00  |
|  HD Interface Net Replication  |            0  |              0  |                     0  |           0  |           1  |  00:00:00  |
|  Total                         |            0  |              0  |                     0  |           0  |           2  |  00:00:00  |
----------------------------------------------------------------------------------------------------------------------------------------


Phase 2.2 Physical Synthesis In Placer | Checksum: 157dfd7f7

Time (s): cpu = 00:00:08 ; elapsed = 00:00:02 . Memory (MB): peak = 2576.746 ; gain = 0.000 ; free physical = 970 ; free virtual = 4319
Phase 2 Global Placement | Checksum: 84b4990f

Time (s): cpu = 00:00:08 ; elapsed = 00:00:02 . Memory (MB): peak = 2576.746 ; gain = 0.000 ; free physical = 970 ; free virtual = 4319

Phase 3 Detail Placement

Phase 3.1 Commit Multi Column Macros
Phase 3.1 Commit Multi Column Macros | Checksum: 84b4990f

Time (s): cpu = 00:00:08 ; elapsed = 00:00:02 . Memory (MB): peak = 2576.746 ; gain = 0.000 ; free physical = 970 ; free virtual = 4319

Phase 3.2 Commit Most Macros & LUTRAMs
Phase 3.2 Commit Most Macros & LUTRAMs | Checksum: f7ce1bbb

Time (s): cpu = 00:00:08 ; elapsed = 00:00:02 . Memory (MB): peak = 2576.746 ; gain = 0.000 ; free physical = 970 ; free virtual = 4319

Phase 3.3 Area Swap Optimization
Phase 3.3 Area Swap Optimization | Checksum: bb5d20bf

Time (s): cpu = 00:00:08 ; elapsed = 00:00:02 . Memory (MB): peak = 2576.746 ; gain = 0.000 ; free physical = 970 ; free virtual = 4319

Phase 3.4 Pipeline Register Optimization
Phase 3.4 Pipeline Register Optimization | Checksum: 1421a768f

Time (s): cpu = 00:00:08 ; elapsed = 00:00:02 . Memory (MB): peak = 2576.746 ; gain = 0.000 ; free physical = 970 ; free virtual = 4319

Phase 3.5 Small Shape Detail Placement
Phase 3.5 Small Shape Detail Placement | Checksum: 5b9b4a86

Time (s): cpu = 00:00:09 ; elapsed = 00:00:02 . Memory (MB): peak = 2576.746 ; gain = 0.000 ; free physical = 970 ; free virtual = 4319

Phase 3.6 Re-assign LUT pins
Phase 3.6 Re-assign LUT pins | Checksum: 10a1e58c1

Time (s): cpu = 00:00:09 ; elapsed = 00:00:02 . Memory (MB): peak = 2576.746 ; gain = 0.000 ; free physical = 970 ; free virtual = 4319

Phase 3.7 Pipeline Register Optimization
Phase 3.7 Pipeline Register Optimization | Checksum: 10ebeeb62

Time (s): cpu = 00:00:09 ; elapsed = 00:00:02 . Memory (MB): peak = 2576.746 ; gain = 0.000 ; free physical = 970 ; free virtual = 4319
Phase 3 Detail Placement | Checksum: 10ebeeb62

Time (s): cpu = 00:00:09 ; elapsed = 00:00:02 . Memory (MB): peak = 2576.746 ; gain = 0.000 ; free physical = 970 ; free virtual = 4319

Phase 4 Post Placement Optimization and Clean-Up

Phase 4.1 Post Commit Optimization
INFO: [Timing 38-35] Done setting XDC timing constraints.

Phase 4.1.1 Post Placement Optimization
Post Placement Optimization Initialization | Checksum: 9f594f5e

Phase 4.1.1.1 BUFG Insertion
INFO: [Place 46-46] BUFG insertion identified 0 candidate nets, 0 success, 0 bufg driver replicated, 0 skipped for placement/routing, 0 skipped for timing, 0 skipped for netlist change reason
Phase 4.1.1.1 BUFG Insertion | Checksum: 9f594f5e

Time (s): cpu = 00:00:09 ; elapsed = 00:00:03 . Memory (MB): peak = 2576.746 ; gain = 0.000 ; free physical = 972 ; free virtual = 4321
INFO: [Place 30-746] Post Placement Timing Summary WNS=0.794. For the most accurate timing information please run report_timing.
Phase 4.1.1 Post Placement Optimization | Checksum: 115ed3b7b

Time (s): cpu = 00:00:09 ; elapsed = 00:00:03 . Memory (MB): peak = 2576.746 ; gain = 0.000 ; free physical = 972 ; free virtual = 4321
Phase 4.1 Post Commit Optimization | Checksum: 115ed3b7b

Time (s): cpu = 00:00:09 ; elapsed = 00:00:03 . Memory (MB): peak = 2576.746 ; gain = 0.000 ; free physical = 972 ; free virtual = 4321

Phase 4.2 Post Placement Cleanup
Phase 4.2 Post Placement Cleanup | Checksum: 115ed3b7b

Time (s): cpu = 00:00:10 ; elapsed = 00:00:03 . Memory (MB): peak = 2576.746 ; gain = 0.000 ; free physical = 972 ; free virtual = 4321

Phase 4.3 Placer Reporting
Phase 4.3 Placer Reporting | Checksum: 115ed3b7b

Time (s): cpu = 00:00:10 ; elapsed = 00:00:03 . Memory (MB): peak = 2576.746 ; gain = 0.000 ; free physical = 971 ; free virtual = 4321

Phase 4.4 Final Placement Cleanup
Netlist sorting complete. Time (s): cpu = 00:00:00 ; elapsed = 00:00:00 . Memory (MB): peak = 2576.746 ; gain = 0.000 ; free physical = 972 ; free virtual = 4321
Phase 4.4 Final Placement Cleanup | Checksum: 16b2a47f9

Time (s): cpu = 00:00:10 ; elapsed = 00:00:03 . Memory (MB): peak = 2576.746 ; gain = 0.000 ; free physical = 972 ; free virtual = 4321
Phase 4 Post Placement Optimization and Clean-Up | Checksum: 16b2a47f9

Time (s): cpu = 00:00:10 ; elapsed = 00:00:03 . Memory (MB): peak = 2576.746 ; gain = 0.000 ; free physical = 972 ; free virtual = 4321
Ending Placer Task | Checksum: aa8d393d

Time (s): cpu = 00:00:10 ; elapsed = 00:00:03 . Memory (MB): peak = 2576.746 ; gain = 0.000 ; free physical = 974 ; free virtual = 4323
INFO: [Common 17-83] Releasing license: Implementation
77 Infos, 2 Warnings, 0 Critical Warnings and 0 Errors encountered.
place_design completed successfully
Netlist sorting complete. Time (s): cpu = 00:00:00 ; elapsed = 00:00:00 . Memory (MB): peak = 2576.746 ; gain = 0.000 ; free physical = 974 ; free virtual = 4323
INFO: [Timing 38-480] Writing timing data to binary archive.
Writing placer database...
Netlist sorting complete. Time (s): cpu = 00:00:00 ; elapsed = 00:00:00 . Memory (MB): peak = 2576.746 ; gain = 0.000 ; free physical = 970 ; free virtual = 4321
Writing XDEF routing.
Writing XDEF routing logical nets.
Writing XDEF routing special nets.
Write XDEF Complete: Time (s): cpu = 00:00:00.28 ; elapsed = 00:00:00.07 . Memory (MB): peak = 2576.746 ; gain = 0.000 ; free physical = 968 ; free virtual = 4320
INFO: [Common 17-1381] The checkpoint '/media/qingyun/Desktop/SEA_Lab/Camera_Demo/Camera_Demo.runs/impl_1/Camera_Demo_placed.dcp' has been generated.
INFO: [runtcl-4] Executing : report_io -file Camera_Demo_io_placed.rpt
report_io: Time (s): cpu = 00:00:00.06 ; elapsed = 00:00:00.08 . Memory (MB): peak = 2576.746 ; gain = 0.000 ; free physical = 964 ; free virtual = 4314
INFO: [runtcl-4] Executing : report_utilization -file Camera_Demo_utilization_placed.rpt -pb Camera_Demo_utilization_placed.pb
INFO: [runtcl-4] Executing : report_control_sets -verbose -file Camera_Demo_control_sets_placed.rpt
report_control_sets: Time (s): cpu = 00:00:00.04 ; elapsed = 00:00:00.08 . Memory (MB): peak = 2576.746 ; gain = 0.000 ; free physical = 968 ; free virtual = 4318
Command: route_design
Attempting to get a license for feature 'Implementation' and/or device 'xc7s15'
INFO: [Common 17-349] Got license for feature 'Implementation' and/or device 'xc7s15'
Running DRC as a precondition to command route_design
INFO: [DRC 23-27] Running DRC with 8 threads
INFO: [Vivado_Tcl 4-198] DRC finished with 0 Errors
INFO: [Vivado_Tcl 4-199] Please refer to the DRC report (report_drc) for more information.


Starting Routing Task
INFO: [Route 35-254] Multithreading enabled for route_design using a maximum of 8 CPUs
Checksum: PlaceDB: 3d7741cd ConstDB: 0 ShapeSum: 6d15f770 RouteDB: 0

Phase 1 Build RT Design
Phase 1 Build RT Design | Checksum: c62fd9e6

Time (s): cpu = 00:00:03 ; elapsed = 00:00:03 . Memory (MB): peak = 2576.746 ; gain = 0.000 ; free physical = 924 ; free virtual = 4274
Post Restoration Checksum: NetGraph: 7eeedcd NumContArr: be40ec19 Constraints: 0 Timing: 0

Phase 2 Router Initialization

Phase 2.1 Create Timer
Phase 2.1 Create Timer | Checksum: c62fd9e6

Time (s): cpu = 00:00:03 ; elapsed = 00:00:03 . Memory (MB): peak = 2576.746 ; gain = 0.000 ; free physical = 892 ; free virtual = 4242

Phase 2.2 Fix Topology Constraints
Phase 2.2 Fix Topology Constraints | Checksum: c62fd9e6

Time (s): cpu = 00:00:03 ; elapsed = 00:00:03 . Memory (MB): peak = 2576.746 ; gain = 0.000 ; free physical = 864 ; free virtual = 4214

Phase 2.3 Pre Route Cleanup
Phase 2.3 Pre Route Cleanup | Checksum: c62fd9e6

Time (s): cpu = 00:00:03 ; elapsed = 00:00:03 . Memory (MB): peak = 2576.746 ; gain = 0.000 ; free physical = 864 ; free virtual = 4214
 Number of Nodes with overlaps = 0

Phase 2.4 Update Timing
Phase 2.4 Update Timing | Checksum: 104458886

Time (s): cpu = 00:00:04 ; elapsed = 00:00:03 . Memory (MB): peak = 2576.746 ; gain = 0.000 ; free physical = 861 ; free virtual = 4211
INFO: [Route 35-416] Intermediate Timing Summary | WNS=0.806  | TNS=0.000  | WHS=-2.003 | THS=-118.976|

Phase 2 Router Initialization | Checksum: 9fc13eeb

Time (s): cpu = 00:00:04 ; elapsed = 00:00:03 . Memory (MB): peak = 2576.746 ; gain = 0.000 ; free physical = 861 ; free virtual = 4211

Phase 3 Initial Routing
Phase 3 Initial Routing | Checksum: 146209c23

Time (s): cpu = 00:00:04 ; elapsed = 00:00:03 . Memory (MB): peak = 2576.746 ; gain = 0.000 ; free physical = 862 ; free virtual = 4212

Phase 4 Rip-up And Reroute

Phase 4.1 Global Iteration 0
 Number of Nodes with overlaps = 294
 Number of Nodes with overlaps = 18
 Number of Nodes with overlaps = 2
 Number of Nodes with overlaps = 0
INFO: [Route 35-416] Intermediate Timing Summary | WNS=0.799  | TNS=0.000  | WHS=N/A    | THS=N/A    |

Phase 4.1 Global Iteration 0 | Checksum: f7cc5a9e

Time (s): cpu = 00:00:05 ; elapsed = 00:00:04 . Memory (MB): peak = 2576.746 ; gain = 0.000 ; free physical = 859 ; free virtual = 4209
Phase 4 Rip-up And Reroute | Checksum: f7cc5a9e

Time (s): cpu = 00:00:05 ; elapsed = 00:00:04 . Memory (MB): peak = 2576.746 ; gain = 0.000 ; free physical = 859 ; free virtual = 4209

Phase 5 Delay and Skew Optimization

Phase 5.1 Delay CleanUp

Phase 5.1.1 Update Timing
Phase 5.1.1 Update Timing | Checksum: 14db928c1

Time (s): cpu = 00:00:05 ; elapsed = 00:00:04 . Memory (MB): peak = 2576.746 ; gain = 0.000 ; free physical = 859 ; free virtual = 4209
INFO: [Route 35-416] Intermediate Timing Summary | WNS=0.879  | TNS=0.000  | WHS=N/A    | THS=N/A    |

Phase 5.1 Delay CleanUp | Checksum: 14db928c1

Time (s): cpu = 00:00:05 ; elapsed = 00:00:04 . Memory (MB): peak = 2576.746 ; gain = 0.000 ; free physical = 859 ; free virtual = 4209

Phase 5.2 Clock Skew Optimization
Phase 5.2 Clock Skew Optimization | Checksum: 14db928c1

Time (s): cpu = 00:00:05 ; elapsed = 00:00:04 . Memory (MB): peak = 2576.746 ; gain = 0.000 ; free physical = 859 ; free virtual = 4209
Phase 5 Delay and Skew Optimization | Checksum: 14db928c1

Time (s): cpu = 00:00:05 ; elapsed = 00:00:04 . Memory (MB): peak = 2576.746 ; gain = 0.000 ; free physical = 859 ; free virtual = 4209

Phase 6 Post Hold Fix

Phase 6.1 Hold Fix Iter

Phase 6.1.1 Update Timing
Phase 6.1.1 Update Timing | Checksum: 12d92d41b

Time (s): cpu = 00:00:06 ; elapsed = 00:00:04 . Memory (MB): peak = 2576.746 ; gain = 0.000 ; free physical = 859 ; free virtual = 4209
INFO: [Route 35-416] Intermediate Timing Summary | WNS=0.879  | TNS=0.000  | WHS=0.030  | THS=0.000  |

Phase 6.1 Hold Fix Iter | Checksum: 12504f3c0

Time (s): cpu = 00:00:06 ; elapsed = 00:00:04 . Memory (MB): peak = 2576.746 ; gain = 0.000 ; free physical = 859 ; free virtual = 4209
Phase 6 Post Hold Fix | Checksum: 12504f3c0

Time (s): cpu = 00:00:06 ; elapsed = 00:00:04 . Memory (MB): peak = 2576.746 ; gain = 0.000 ; free physical = 859 ; free virtual = 4209

Phase 7 Route finalize

Router Utilization Summary
  Global Vertical Routing Utilization    = 2.1406 %
  Global Horizontal Routing Utilization  = 2.60767 %
  Routable Net Status*
  *Does not include unroutable nets such as driverless and loadless.
  Run report_route_status for detailed report.
  Number of Failed Nets               = 0
  Number of Unrouted Nets             = 0
  Number of Partially Routed Nets     = 0
  Number of Node Overlaps             = 0

Phase 7 Route finalize | Checksum: 140baa4e7

Time (s): cpu = 00:00:06 ; elapsed = 00:00:04 . Memory (MB): peak = 2576.746 ; gain = 0.000 ; free physical = 859 ; free virtual = 4209

Phase 8 Verifying routed nets

 Verification completed successfully
Phase 8 Verifying routed nets | Checksum: 140baa4e7

Time (s): cpu = 00:00:06 ; elapsed = 00:00:04 . Memory (MB): peak = 2576.746 ; gain = 0.000 ; free physical = 858 ; free virtual = 4208

Phase 9 Depositing Routes
Phase 9 Depositing Routes | Checksum: 1f6d5faa8

Time (s): cpu = 00:00:06 ; elapsed = 00:00:04 . Memory (MB): peak = 2576.746 ; gain = 0.000 ; free physical = 858 ; free virtual = 4208

Phase 10 Post Router Timing
INFO: [Route 35-57] Estimated Timing Summary | WNS=0.879  | TNS=0.000  | WHS=0.030  | THS=0.000  |

INFO: [Route 35-327] The final timing numbers are based on the router estimated timing analysis. For a complete and accurate timing signoff, please run report_timing_summary.
Phase 10 Post Router Timing | Checksum: 1f6d5faa8

Time (s): cpu = 00:00:06 ; elapsed = 00:00:04 . Memory (MB): peak = 2576.746 ; gain = 0.000 ; free physical = 858 ; free virtual = 4208
INFO: [Route 35-16] Router Completed Successfully

Time (s): cpu = 00:00:06 ; elapsed = 00:00:04 . Memory (MB): peak = 2576.746 ; gain = 0.000 ; free physical = 887 ; free virtual = 4238

Routing Is Done.
INFO: [Common 17-83] Releasing license: Implementation
95 Infos, 2 Warnings, 0 Critical Warnings and 0 Errors encountered.
route_design completed successfully
Netlist sorting complete. Time (s): cpu = 00:00:00 ; elapsed = 00:00:00 . Memory (MB): peak = 2576.746 ; gain = 0.000 ; free physical = 887 ; free virtual = 4238
INFO: [Timing 38-480] Writing timing data to binary archive.
Writing placer database...
Netlist sorting complete. Time (s): cpu = 00:00:00 ; elapsed = 00:00:00 . Memory (MB): peak = 2576.746 ; gain = 0.000 ; free physical = 883 ; free virtual = 4235
Writing XDEF routing.
Writing XDEF routing logical nets.
Writing XDEF routing special nets.
Write XDEF Complete: Time (s): cpu = 00:00:00.28 ; elapsed = 00:00:00.08 . Memory (MB): peak = 2576.746 ; gain = 0.000 ; free physical = 880 ; free virtual = 4234
INFO: [Common 17-1381] The checkpoint '/media/qingyun/Desktop/SEA_Lab/Camera_Demo/Camera_Demo.runs/impl_1/Camera_Demo_routed.dcp' has been generated.
INFO: [runtcl-4] Executing : report_drc -file Camera_Demo_drc_routed.rpt -pb Camera_Demo_drc_routed.pb -rpx Camera_Demo_drc_routed.rpx
Command: report_drc -file Camera_Demo_drc_routed.rpt -pb Camera_Demo_drc_routed.pb -rpx Camera_Demo_drc_routed.rpx
INFO: [IP_Flow 19-1839] IP Catalog is up to date.
INFO: [DRC 23-27] Running DRC with 8 threads
INFO: [Coretcl 2-168] The results of DRC are in file /media/qingyun/Desktop/SEA_Lab/Camera_Demo/Camera_Demo.runs/impl_1/Camera_Demo_drc_routed.rpt.
report_drc completed successfully
INFO: [runtcl-4] Executing : report_methodology -file Camera_Demo_methodology_drc_routed.rpt -pb Camera_Demo_methodology_drc_routed.pb -rpx Camera_Demo_methodology_drc_routed.rpx
Command: report_methodology -file Camera_Demo_methodology_drc_routed.rpt -pb Camera_Demo_methodology_drc_routed.pb -rpx Camera_Demo_methodology_drc_routed.rpx
INFO: [Timing 38-35] Done setting XDC timing constraints.
INFO: [DRC 23-133] Running Methodology with 8 threads
INFO: [Coretcl 2-1520] The results of Report Methodology are in file /media/qingyun/Desktop/SEA_Lab/Camera_Demo/Camera_Demo.runs/impl_1/Camera_Demo_methodology_drc_routed.rpt.
report_methodology completed successfully
INFO: [runtcl-4] Executing : report_power -file Camera_Demo_power_routed.rpt -pb Camera_Demo_power_summary_routed.pb -rpx Camera_Demo_power_routed.rpx
Command: report_power -file Camera_Demo_power_routed.rpt -pb Camera_Demo_power_summary_routed.pb -rpx Camera_Demo_power_routed.rpx
INFO: [Timing 38-35] Done setting XDC timing constraints.
Running Vector-less Activity Propagation...

Finished Running Vector-less Activity Propagation
107 Infos, 2 Warnings, 0 Critical Warnings and 0 Errors encountered.
report_power completed successfully
INFO: [runtcl-4] Executing : report_route_status -file Camera_Demo_route_status.rpt -pb Camera_Demo_route_status.pb
INFO: [runtcl-4] Executing : report_timing_summary -max_paths 10 -file Camera_Demo_timing_summary_routed.rpt -pb Camera_Demo_timing_summary_routed.pb -rpx Camera_Demo_timing_summary_routed.rpx -warn_on_violation 
INFO: [Timing 38-91] UpdateTimingParams: Speed grade: -1, Delay Type: min_max.
INFO: [Timing 38-191] Multithreading enabled for timing update using a maximum of 8 CPUs
CRITICAL WARNING: [Timing 38-282] The design failed to meet the timing requirements. Please see the timing summary report for details on the timing violations.
INFO: [runtcl-4] Executing : report_incremental_reuse -file Camera_Demo_incremental_reuse_routed.rpt
INFO: [Vivado_Tcl 4-1062] Incremental flow is disabled. No incremental reuse Info to report.
INFO: [runtcl-4] Executing : report_clock_utilization -file Camera_Demo_clock_utilization_routed.rpt
INFO: [runtcl-4] Executing : report_bus_skew -warn_on_violation -file Camera_Demo_bus_skew_routed.rpt -pb Camera_Demo_bus_skew_routed.pb -rpx Camera_Demo_bus_skew_routed.rpx
INFO: [Timing 38-91] UpdateTimingParams: Speed grade: -1, Delay Type: min_max.
INFO: [Timing 38-191] Multithreading enabled for timing update using a maximum of 8 CPUs
INFO: [Common 17-206] Exiting Vivado at Sat Aug  1 09:27:46 2020...

*** Running vivado
    with args -log Camera_Demo.vdi -applog -m64 -product Vivado -messageDb vivado.pb -mode batch -source Camera_Demo.tcl -notrace


****** Vivado v2018.3 (64-bit)
  **** SW Build 2405991 on Thu Dec  6 23:36:41 MST 2018
  **** IP Build 2404404 on Fri Dec  7 01:43:56 MST 2018
    ** Copyright 1986-2018 Xilinx, Inc. All Rights Reserved.

source Camera_Demo.tcl -notrace
Command: open_checkpoint Camera_Demo_routed.dcp

Starting open_checkpoint Task

Time (s): cpu = 00:00:00.03 ; elapsed = 00:00:00.04 . Memory (MB): peak = 1380.836 ; gain = 0.000 ; free physical = 1726 ; free virtual = 5082
INFO: [Netlist 29-17] Analyzing 156 Unisim elements for replacement
INFO: [Netlist 29-28] Unisim Transformation completed in 0 CPU seconds
INFO: [Project 1-479] Netlist was created with Vivado 2018.3
INFO: [Device 21-403] Loading part xc7s15ftgb196-1
INFO: [Project 1-570] Preparing netlist for logic optimization
WARNING: [Constraints 18-550] Could not create 'IBUF_LOW_PWR' constraint because net 'MIPI_Trans_Driver/camera_clock/clk_in1' is not directly connected to top level port. Synthesis is ignored for IBUF_LOW_PWR but preserved for implementation.
INFO: [Constraints 18-4398] Generator version for shapeDB does not match. shapeDB will be regenerated.
INFO: [Timing 38-478] Restoring timing data from binary archive.
INFO: [Timing 38-479] Binary timing data restore complete.
INFO: [Project 1-856] Restoring constraints from binary archive.
INFO: [Project 1-853] Binary constraint restore complete.
Reading XDEF placement.
Reading placer database...
Reading XDEF routing.
Read XDEF File: Time (s): cpu = 00:00:00.12 ; elapsed = 00:00:00.17 . Memory (MB): peak = 2078.488 ; gain = 2.000 ; free physical = 1041 ; free virtual = 4396
Restored from archive | CPU: 0.160000 secs | Memory: 3.539391 MB |
Finished XDEF File Restore: Time (s): cpu = 00:00:00.12 ; elapsed = 00:00:00.17 . Memory (MB): peak = 2078.488 ; gain = 2.000 ; free physical = 1041 ; free virtual = 4396
Netlist sorting complete. Time (s): cpu = 00:00:00 ; elapsed = 00:00:00 . Memory (MB): peak = 2078.488 ; gain = 0.000 ; free physical = 1041 ; free virtual = 4396
INFO: [Project 1-111] Unisim Transformation Summary:
  A total of 1 instances were transformed.
  IOBUF => IOBUF (IBUF, OBUFT): 1 instances

INFO: [Project 1-604] Checkpoint was created with Vivado v2018.3 (64-bit) build 2405991
open_checkpoint: Time (s): cpu = 00:00:07 ; elapsed = 00:00:07 . Memory (MB): peak = 2078.488 ; gain = 697.652 ; free physical = 1040 ; free virtual = 4395
Command: write_bitstream -force Camera_Demo.bit
Attempting to get a license for feature 'Implementation' and/or device 'xc7s15'
INFO: [Common 17-349] Got license for feature 'Implementation' and/or device 'xc7s15'
Running DRC as a precondition to command write_bitstream
INFO: [IP_Flow 19-234] Refreshing IP repositories
INFO: [IP_Flow 19-1704] No user IP repositories specified
INFO: [IP_Flow 19-2313] Loaded Vivado IP repository '/opt/Xilinx/Vivado/2018.3/data/ip'.
INFO: [DRC 23-27] Running DRC with 8 threads
WARNING: [DRC BUFC-1] Input Buffer Connections: Input buffer Camera_IIC_SDA_IOBUF/IBUF has no loads. It is recommended to have an input buffer drive an internal load.
INFO: [Vivado 12-3199] DRC finished with 0 Errors, 1 Warnings
INFO: [Vivado 12-3200] Please refer to the DRC report (report_drc) for more information.
INFO: [Designutils 20-2272] Running write_bitstream with 8 threads.
Loading data files...
Loading site data...
Loading route data...
Processing options...
Creating bitmap...
Creating bitstream...
Writing bitstream ./Camera_Demo.bit...
INFO: [Vivado 12-1842] Bitgen Completed Successfully.
INFO: [Project 1-120] WebTalk data collection is mandatory when using a WebPACK part without a full Vivado license. To see the specific WebTalk data collected for your design, open the usage_statistics_webtalk.html or usage_statistics_webtalk.xml file in the implementation directory.
INFO: [Common 17-83] Releasing license: Implementation
23 Infos, 2 Warnings, 0 Critical Warnings and 0 Errors encountered.
write_bitstream completed successfully
write_bitstream: Time (s): cpu = 00:00:08 ; elapsed = 00:00:10 . Memory (MB): peak = 2497.324 ; gain = 418.836 ; free physical = 972 ; free virtual = 4329
INFO: [Common 17-206] Exiting Vivado at Sat Aug  1 09:28:17 2020...
